[debug] [2025-05-21T21:54:50.629Z] ----------------------------------------------------------------------
[debug] [2025-05-21T21:54:50.632Z] Command:       C:\Program Files\nodejs\node.exe C:\Users\ADMiN\AppData\Roaming\npm\node_modules\firebase-tools\lib\bin\firebase.js init hosting
[debug] [2025-05-21T21:54:50.632Z] CLI Version:   14.4.0
[debug] [2025-05-21T21:54:50.632Z] Platform:      win32
[debug] [2025-05-21T21:54:50.632Z] Node Version:  v22.16.0
[debug] [2025-05-21T21:54:50.632Z] Time:          Thu May 22 2025 03:54:50 GMT+0600 (Bangladesh Standard Time)
[debug] [2025-05-21T21:54:50.632Z] ----------------------------------------------------------------------
[debug] 
[debug] [2025-05-21T21:54:50.637Z] > command requires scopes: ["email","openid","https://www.googleapis.com/auth/cloudplatformprojects.readonly","https://www.googleapis.com/auth/firebase","https://www.googleapis.com/auth/cloud-platform"]
[debug] [2025-05-21T21:54:50.638Z] > authorizing via signed-in user (ratnaghosh72643@gmail.com)
[info] 
     ######## #### ########  ######## ########     ###     ######  ########
     ##        ##  ##     ## ##       ##     ##  ##   ##  ##       ##
     ######    ##  ########  ######   ########  #########  ######  ######
     ##        ##  ##    ##  ##       ##     ## ##     ##       ## ##
     ##       #### ##     ## ######## ########  ##     ##  ######  ########

You're about to initialize a Firebase project in this directory:

  D:\ml-roadmap-app

[info] 
=== Project Setup
[info] 
[info] First, let's associate this project directory with a Firebase project.
[info] You can create multiple project aliases by running firebase use --add, 
[info] but for now we'll just set up a default project.
[info] 
[debug] [2025-05-21T21:56:59.800Z] Checked if tokens are valid: true, expires at: 1747867337465
[debug] [2025-05-21T21:56:59.800Z] Checked if tokens are valid: true, expires at: 1747867337465
[debug] [2025-05-21T21:56:59.802Z] >>> [apiv2][query] GET https://firebase.googleapis.com/v1beta1/projects pageSize=100
[debug] [2025-05-21T21:57:00.904Z] <<< [apiv2][status] GET https://firebase.googleapis.com/v1beta1/projects 200
[debug] [2025-05-21T21:57:00.904Z] <<< [apiv2][body] GET https://firebase.googleapis.com/v1beta1/projects [omitted]
[info] i  Using project ml-roadmap-806ef (ML Roadmap) 
[info] 
=== Hosting Setup
[debug] [2025-05-21T21:57:07.417Z] Checked if tokens are valid: true, expires at: 1747867337465
[debug] [2025-05-21T21:57:07.417Z] Checked if tokens are valid: true, expires at: 1747867337465
[debug] [2025-05-21T21:57:07.417Z] >>> [apiv2][query] GET https://firebase.googleapis.com/v1beta1/projects/ml-roadmap-806ef [none]
[debug] [2025-05-21T21:57:08.163Z] <<< [apiv2][status] GET https://firebase.googleapis.com/v1beta1/projects/ml-roadmap-806ef 200
[debug] [2025-05-21T21:57:08.163Z] <<< [apiv2][body] GET https://firebase.googleapis.com/v1beta1/projects/ml-roadmap-806ef {"projectId":"ml-roadmap-806ef","projectNumber":"538710745439","displayName":"ML Roadmap","name":"projects/ml-roadmap-806ef","resources":{"hostingSite":"ml-roadmap-806ef"},"state":"ACTIVE","etag":"1_e5c3055d-d213-4fe1-a104-cd65d11acb8d"}
[info] 
[info] Your public directory is the folder (relative to your project directory) that
[info] will contain Hosting assets to be uploaded with firebase deploy. If you
[info] have a build process for your assets, use your build's output directory.
[info] 
[debug] [2025-05-21T22:11:18.301Z] >>> [apiv2][query] GET https://www.gstatic.com/firebasejs/releases.json [none]
[debug] [2025-05-21T22:11:18.906Z] <<< [apiv2][status] GET https://www.gstatic.com/firebasejs/releases.json 200
[debug] [2025-05-21T22:11:18.906Z] <<< [apiv2][body] GET https://www.gstatic.com/firebasejs/releases.json {"current":{"version":"11.8.0","browserURL":"https://www.gstatic.com/firebasejs/11.8.0/firebase.js","packageURL":"https://www.gstatic.com/firebasejs/11.8.0/firebase.tgz"},"live":{"version":"11.8","browserURL":"https://www.gstatic.com/firebasejs/live/11.8/firebase.js","packageURL":"https://www.gstatic.com/firebasejs/live/11.8/firebase.tgz"},"components":{"ai":"https://www.gstatic.com/firebasejs/11.8.0/firebase-ai.js","analytics":"https://www.gstatic.com/firebasejs/11.8.0/firebase-analytics.js","app":"https://www.gstatic.com/firebasejs/11.8.0/firebase-app.js","app-check":"https://www.gstatic.com/firebasejs/11.8.0/firebase-app-check.js","auth":"https://www.gstatic.com/firebasejs/11.8.0/firebase-auth.js","auth/cordova":"https://www.gstatic.com/firebasejs/11.8.0/firebase-auth/cordova.js","auth/web-extension":"https://www.gstatic.com/firebasejs/11.8.0/firebase-auth/web-extension.js","functions":"https://www.gstatic.com/firebasejs/11.8.0/firebase-functions.js","firestore":"https://www.gstatic.com/firebasejs/11.8.0/firebase-firestore.js","firestore/lite":"https://www.gstatic.com/firebasejs/11.8.0/firebase-firestore/lite.js","installations":"https://www.gstatic.com/firebasejs/11.8.0/firebase-installations.js","storage":"https://www.gstatic.com/firebasejs/11.8.0/firebase-storage.js","performance":"https://www.gstatic.com/firebasejs/11.8.0/firebase-performance.js","remote-config":"https://www.gstatic.com/firebasejs/11.8.0/firebase-remote-config.js","messaging":"https://www.gstatic.com/firebasejs/11.8.0/firebase-messaging.js","messaging/sw":"https://www.gstatic.com/firebasejs/11.8.0/firebase-messaging/sw.js","database":"https://www.gstatic.com/firebasejs/11.8.0/firebase-database.js","vertexai":"https://www.gstatic.com/firebasejs/11.8.0/firebase-vertexai.js","data-connect":"https://www.gstatic.com/firebasejs/11.8.0/firebase-data-connect.js","firestore.memory":"https://www.gstatic.com/firebasejs/11.8.0/firebase-firestore.memory.js"}}
[info] i  Skipping write of ./index.html 
[info] 
[info] i  Didn't detect a .git folder. Assuming D:\ml-roadmap-app is the project root. 
[info] i  Authorizing with GitHub to upload your service account to a GitHub repository's secrets store. 
[info] 
[info] Visit this URL on this device to log in:
[info] https://github.com/login/oauth/authorize?client_id=89cf50f02ac6aaed3484&state=1011828467&redirect_uri=http%3A%2F%2Flocalhost%3A9005&scope=read%3Auser%20repo%20public_repo
[info] 
[info] Waiting for authentication...
[debug] [2025-05-21T22:12:01.443Z] >>> [apiv2][query] POST https://github.com/login/oauth/access_token [none]
[debug] [2025-05-21T22:12:01.443Z] >>> [apiv2][body] POST https://github.com/login/oauth/access_token [stream]
[debug] [2025-05-21T22:12:02.104Z] <<< [apiv2][status] POST https://github.com/login/oauth/access_token 200
[debug] [2025-05-21T22:12:02.105Z] <<< [apiv2][body] POST https://github.com/login/oauth/access_token {"access_token":"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","token_type":"bearer","scope":"read:user,repo"}
[debug] [2025-05-21T22:12:02.117Z] >>> [apiv2][query] GET https://api.github.com/user [none]
[debug] [2025-05-21T22:12:02.820Z] <<< [apiv2][status] GET https://api.github.com/user 200
[debug] [2025-05-21T22:12:02.820Z] <<< [apiv2][body] GET https://api.github.com/user {"login":"Preetam21022","id":191872151,"node_id":"U_kgDOC2-8lw","avatar_url":"https://avatars.githubusercontent.com/u/191872151?v=4","gravatar_id":"","url":"https://api.github.com/users/Preetam21022","html_url":"https://github.com/Preetam21022","followers_url":"https://api.github.com/users/Preetam21022/followers","following_url":"https://api.github.com/users/Preetam21022/following{/other_user}","gists_url":"https://api.github.com/users/Preetam21022/gists{/gist_id}","starred_url":"https://api.github.com/users/Preetam21022/starred{/owner}{/repo}","subscriptions_url":"https://api.github.com/users/Preetam21022/subscriptions","organizations_url":"https://api.github.com/users/Preetam21022/orgs","repos_url":"https://api.github.com/users/Preetam21022/repos","events_url":"https://api.github.com/users/Preetam21022/events{/privacy}","received_events_url":"https://api.github.com/users/Preetam21022/received_events","type":"User","user_view_type":"private","site_admin":false,"name":"Preetam Kumar Ghosh","company":null,"blog":"","location":null,"email":null,"hireable":null,"bio":"I am an undergrad student currently studying in KUET,Bangladesh. Hoping to upgrade my skills to keep pace with digital world.","twitter_username":null,"notification_email":null,"public_repos":8,"public_gists":0,"followers":0,"following":0,"created_at":"2024-12-16T13:09:46Z","updated_at":"2025-05-06T09:16:04Z","private_gists":0,"total_private_repos":0,"owned_private_repos":0,"disk_usage":11531,"collaborators":0,"two_factor_authentication":false,"plan":{"name":"free","space":976562499,"collaborators":0,"private_repos":10000}}
[info] 
[info] +  Success! Logged into GitHub as Preetam21022 
[info] 
[debug] [2025-05-21T22:16:54.477Z] ExitPromptError: User force closed the prompt with SIGINT
    at Interface.sigint (C:\Users\ADMiN\AppData\Roaming\npm\node_modules\firebase-tools\node_modules\@inquirer\core\dist\commonjs\lib\create-prompt.js:100:37)
    at Interface.emit (node:events:518:28)
    at Interface.emit (node:domain:489:12)
    at [_ttyWrite] [as _ttyWrite] (node:internal/readline/interface:1128:18)
    at ReadStream.onkeypress (node:internal/readline/interface:267:20)
    at ReadStream.emit (node:events:530:35)
    at ReadStream.emit (node:domain:489:12)
    at emitKeys (node:internal/readline/utils:370:14)
    at emitKeys.next (<anonymous>)
    at ReadStream.onData (node:internal/readline/emitKeypressEvents:64:36)
[error] 
[error] Error: An unexpected error has occurred.
